# JRE version: OpenJDK Runtime Environment Microsoft-8035246 (17.0.8+7) (build 17.0.8+7-LTS)
# Java VM: OpenJDK 64-Bit Server VM Microsoft-8035246 (17.0.8+7-LTS, mixed mode, sharing, tiered, compressed oops, compressed class ptrs, g1 gc, windows-amd64)
GC Precious Log:
 CPUs: 4 total, 4 available
 Memory: 8058M
 Large Page Support: Disabled
 NUMA Support: Disabled
 Compressed Oops: Enabled (32-bit)
 Heap Region Size: 1M
 Heap Min Capacity: 8M
 Heap Initial Capacity: 126M
 Heap Max Capacity: 2G
 Pre-touch: Disabled
 Parallel Workers: 4
 Concurrent Workers: 1
 Concurrent Refinement Workers: 4
 Periodic GC: Disabled
Heap:
 garbage-first heap   total 327680K, used 263723K [0x0000000080000000, 0x0000000100000000)
  region size 1024K, 66 young (67584K), 6 survivors (6144K)
 Metaspace       used 108539K, committed 109760K, reserved 557056K
  class space    used 15117K, committed 15680K, reserved 425984K
GC Heap History (20 events):
Event: 53.273 GC heap before
{Heap before GC invocations=53 (full 0):
 garbage-first heap   total 244736K, used 170635K [0x0000000080000000, 0x0000000100000000)
  region size 1024K, 49 young (50176K), 1 survivors (1024K)
 Metaspace       used 94469K, committed 95360K, reserved 557056K
  class space    used 13276K, committed 13696K, reserved 425984K
}
Event: 53.289 GC heap after
{Heap after GC invocations=54 (full 0):
 garbage-first heap   total 244736K, used 131935K [0x0000000080000000, 0x0000000100000000)
  region size 1024K, 7 young (7168K), 7 survivors (7168K)
 Metaspace       used 94469K, committed 95360K, reserved 557056K
  class space    used 13276K, committed 13696K, reserved 425984K
}
Event: 54.426 GC heap before
{Heap before GC invocations=55 (full 0):
 garbage-first heap   total 244736K, used 176991K [0x0000000080000000, 0x0000000100000000)
  region size 1024K, 51 young (52224K), 7 survivors (7168K)
 Metaspace       used 97059K, committed 98112K, reserved 557056K
  class space    used 13628K, committed 14080K, reserved 425984K
}
Event: 54.440 GC heap after
{Heap after GC invocations=56 (full 0):
 garbage-first heap   total 244736K, used 135514K [0x0000000080000000, 0x0000000100000000)
  region size 1024K, 3 young (3072K), 3 survivors (3072K)
 Metaspace       used 97059K, committed 98112K, reserved 557056K
  class space    used 13628K, committed 14080K, reserved 425984K
}
Event: 54.601 GC heap before
{Heap before GC invocations=56 (full 0):
 garbage-first heap   total 244736K, used 143706K [0x0000000080000000, 0x0000000100000000)
  region size 1024K, 11 young (11264K), 3 survivors (3072K)
 Metaspace       used 97486K, committed 98496K, reserved 557056K
  class space    used 13688K, committed 14144K, reserved 425984K
}
Event: 54.612 GC heap after
{Heap after GC invocations=57 (full 0):
 garbage-first heap   total 244736K, used 135864K [0x0000000080000000, 0x0000000100000000)
  region size 1024K, 1 young (1024K), 1 survivors (1024K)
 Metaspace       used 97486K, committed 98496K, reserved 557056K
  class space    used 13688K, committed 14144K, reserved 425984K
}
Event: 55.289 GC heap before
{Heap before GC invocations=57 (full 0):
 garbage-first heap   total 244736K, used 183992K [0x0000000080000000, 0x0000000100000000)
  region size 1024K, 48 young (49152K), 1 survivors (1024K)
 Metaspace       used 99877K, committed 100800K, reserved 557056K
  class space    used 14027K, committed 14464K, reserved 425984K
}
Event: 55.297 GC heap after
{Heap after GC invocations=58 (full 0):
 garbage-first heap   total 244736K, used 138731K [0x0000000080000000, 0x0000000100000000)
  region size 1024K, 4 young (4096K), 4 survivors (4096K)
 Metaspace       used 99877K, committed 100800K, reserved 557056K
  class space    used 14027K, committed 14464K, reserved 425984K
}
Event: 55.767 GC heap before
{Heap before GC invocations=58 (full 0):
 garbage-first heap   total 244736K, used 188907K [0x0000000080000000, 0x0000000100000000)
  region size 1024K, 53 young (54272K), 4 survivors (4096K)
 Metaspace       used 100389K, committed 101376K, reserved 557056K
  class space    used 14089K, committed 14528K, reserved 425984K
}
Event: 55.781 GC heap after
{Heap after GC invocations=59 (full 0):
 garbage-first heap   total 244736K, used 146374K [0x0000000080000000, 0x0000000100000000)
  region size 1024K, 7 young (7168K), 7 survivors (7168K)
 Metaspace       used 100389K, committed 101376K, reserved 557056K
  class space    used 14089K, committed 14528K, reserved 425984K
}
Event: 56.191 GC heap before
{Heap before GC invocations=59 (full 0):
 garbage-first heap   total 244736K, used 192454K [0x0000000080000000, 0x0000000100000000)
  region size 1024K, 52 young (53248K), 7 survivors (7168K)
 Metaspace       used 100489K, committed 101440K, reserved 557056K
  class space    used 14096K, committed 14528K, reserved 425984K
}
Event: 56.212 GC heap after
{Heap after GC invocations=60 (full 0):
 garbage-first heap   total 327680K, used 154383K [0x0000000080000000, 0x0000000100000000)
  region size 1024K, 7 young (7168K), 7 survivors (7168K)
 Metaspace       used 100489K, committed 101440K, reserved 557056K
  class space    used 14096K, committed 14528K, reserved 425984K
}
Event: 58.320 GC heap before
{Heap before GC invocations=60 (full 0):
 garbage-first heap   total 327680K, used 248591K [0x0000000080000000, 0x0000000100000000)
  region size 1024K, 96 young (98304K), 7 survivors (7168K)
 Metaspace       used 101537K, committed 102656K, reserved 557056K
  class space    used 14216K, committed 14720K, reserved 425984K
}
Event: 58.351 GC heap after
{Heap after GC invocations=61 (full 0):
 garbage-first heap   total 327680K, used 176461K [0x0000000080000000, 0x0000000100000000)
  region size 1024K, 12 young (12288K), 12 survivors (12288K)
 Metaspace       used 101537K, committed 102656K, reserved 557056K
  class space    used 14216K, committed 14720K, reserved 425984K
}
Event: 60.014 GC heap before
{Heap before GC invocations=61 (full 0):
 garbage-first heap   total 327680K, used 251213K [0x0000000080000000, 0x0000000100000000)
  region size 1024K, 85 young (87040K), 12 survivors (12288K)
 Metaspace       used 106639K, committed 107776K, reserved 557056K
  class space    used 14909K, committed 15424K, reserved 425984K
}
Event: 60.040 GC heap after
{Heap after GC invocations=62 (full 0):
 garbage-first heap   total 327680K, used 186296K [0x0000000080000000, 0x0000000100000000)
  region size 1024K, 9 young (9216K), 9 survivors (9216K)
 Metaspace       used 106639K, committed 107776K, reserved 557056K
  class space    used 14909K, committed 15424K, reserved 425984K
}
Event: 61.142 GC heap before
{Heap before GC invocations=62 (full 0):
 garbage-first heap   total 327680K, used 257976K [0x0000000080000000, 0x0000000100000000)
  region size 1024K, 79 young (80896K), 9 survivors (9216K)
 Metaspace       used 107321K, committed 108480K, reserved 557056K
  class space    used 14965K, committed 15488K, reserved 425984K
}
Event: 61.176 GC heap after
{Heap after GC invocations=63 (full 0):
 garbage-first heap   total 327680K, used 194560K [0x0000000080000000, 0x0000000100000000)
  region size 1024K, 8 young (8192K), 8 survivors (8192K)
 Metaspace       used 107321K, committed 108480K, reserved 557056K
  class space    used 14965K, committed 15488K, reserved 425984K
}
Event: 62.648 GC heap before
{Heap before GC invocations=63 (full 0):
 garbage-first heap   total 327680K, used 262144K [0x0000000080000000, 0x0000000100000000)
  region size 1024K, 75 young (76800K), 8 survivors (8192K)
 Metaspace       used 108495K, committed 109696K, reserved 557056K
  class space    used 15115K, committed 15680K, reserved 425984K
}
Event: 62.674 GC heap after
{Heap after GC invocations=64 (full 0):
 garbage-first heap   total 327680K, used 200235K [0x0000000080000000, 0x0000000100000000)
  region size 1024K, 6 young (6144K), 6 survivors (6144K)
 Metaspace       used 108495K, committed 109696K, reserved 557056K
  class space    used 15115K, committed 15680K, reserved 425984K
}

