# JRE version: OpenJDK Runtime Environment Microsoft-8035246 (17.0.8+7) (build 17.0.8+7-LTS)
# Java VM: OpenJDK 64-Bit Server VM Microsoft-8035246 (17.0.8+7-LTS, mixed mode, sharing, tiered, compressed oops, compressed class ptrs, g1 gc, windows-amd64)
GC Precious Log:
 CPUs: 4 total, 4 available
 Memory: 8058M
 Large Page Support: Disabled
 NUMA Support: Disabled
 Compressed Oops: Enabled (32-bit)
 Heap Region Size: 1M
 Heap Min Capacity: 8M
 Heap Initial Capacity: 126M
 Heap Max Capacity: 2G
 Pre-touch: Disabled
 Parallel Workers: 4
 Concurrent Workers: 1
 Concurrent Refinement Workers: 4
 Periodic GC: Disabled
Heap:
 garbage-first heap   total 410624K, used 239764K [0x0000000080000000, 0x0000000100000000)
  region size 1024K, 55 young (56320K), 0 survivors (0K)
 Metaspace       used 104975K, committed 106176K, reserved 557056K
  class space    used 14619K, committed 15168K, reserved 425984K
GC Heap History (20 events):
Event: 126.323 GC heap before
{Heap before GC invocations=42 (full 0):
 garbage-first heap   total 195584K, used 165429K [0x0000000080000000, 0x0000000100000000)
  region size 1024K, 26 young (26624K), 4 survivors (4096K)
 Metaspace       used 95473K, committed 96576K, reserved 557056K
  class space    used 13446K, committed 13952K, reserved 425984K
}
Event: 126.340 GC heap after
{Heap after GC invocations=43 (full 0):
 garbage-first heap   total 195584K, used 147230K [0x0000000080000000, 0x0000000100000000)
  region size 1024K, 4 young (4096K), 4 survivors (4096K)
 Metaspace       used 95473K, committed 96576K, reserved 557056K
  class space    used 13446K, committed 13952K, reserved 425984K
}
Event: 127.072 GC heap before
{Heap before GC invocations=43 (full 0):
 garbage-first heap   total 195584K, used 166686K [0x0000000080000000, 0x0000000100000000)
  region size 1024K, 23 young (23552K), 4 survivors (4096K)
 Metaspace       used 95484K, committed 96576K, reserved 557056K
  class space    used 13446K, committed 13952K, reserved 425984K
}
Event: 127.092 GC heap after
{Heap after GC invocations=44 (full 0):
 garbage-first heap   total 195584K, used 151044K [0x0000000080000000, 0x0000000100000000)
  region size 1024K, 3 young (3072K), 3 survivors (3072K)
 Metaspace       used 95484K, committed 96576K, reserved 557056K
  class space    used 13446K, committed 13952K, reserved 425984K
}
Event: 127.799 GC heap before
{Heap before GC invocations=44 (full 0):
 garbage-first heap   total 195584K, used 166404K [0x0000000080000000, 0x0000000100000000)
  region size 1024K, 19 young (19456K), 3 survivors (3072K)
 Metaspace       used 95556K, committed 96640K, reserved 557056K
  class space    used 13453K, committed 13952K, reserved 425984K
}
Event: 127.816 GC heap after
{Heap after GC invocations=45 (full 0):
 garbage-first heap   total 195584K, used 154356K [0x0000000080000000, 0x0000000100000000)
  region size 1024K, 3 young (3072K), 3 survivors (3072K)
 Metaspace       used 95556K, committed 96640K, reserved 557056K
  class space    used 13453K, committed 13952K, reserved 425984K
}
Event: 128.753 GC heap before
{Heap before GC invocations=46 (full 0):
 garbage-first heap   total 271360K, used 167668K [0x0000000080000000, 0x0000000100000000)
  region size 1024K, 15 young (15360K), 3 survivors (3072K)
 Metaspace       used 95674K, committed 96704K, reserved 557056K
  class space    used 13470K, committed 13952K, reserved 425984K
}
Event: 128.769 GC heap after
{Heap after GC invocations=47 (full 0):
 garbage-first heap   total 271360K, used 156423K [0x0000000080000000, 0x0000000100000000)
  region size 1024K, 2 young (2048K), 2 survivors (2048K)
 Metaspace       used 95674K, committed 96704K, reserved 557056K
  class space    used 13470K, committed 13952K, reserved 425984K
}
Event: 129.426 GC heap before
{Heap before GC invocations=47 (full 0):
 garbage-first heap   total 271360K, used 167687K [0x0000000080000000, 0x0000000100000000)
  region size 1024K, 13 young (13312K), 2 survivors (2048K)
 Metaspace       used 95802K, committed 96896K, reserved 557056K
  class space    used 13484K, committed 14016K, reserved 425984K
}
Event: 129.445 GC heap after
{Heap after GC invocations=48 (full 0):
 garbage-first heap   total 271360K, used 157452K [0x0000000080000000, 0x0000000100000000)
  region size 1024K, 2 young (2048K), 2 survivors (2048K)
 Metaspace       used 95802K, committed 96896K, reserved 557056K
  class space    used 13484K, committed 14016K, reserved 425984K
}
Event: 132.980 GC heap before
{Heap before GC invocations=48 (full 0):
 garbage-first heap   total 271360K, used 220940K [0x0000000080000000, 0x0000000100000000)
  region size 1024K, 62 young (63488K), 2 survivors (2048K)
 Metaspace       used 96385K, committed 97536K, reserved 557056K
  class space    used 13559K, committed 14080K, reserved 425984K
}
Event: 133.042 GC heap after
{Heap after GC invocations=49 (full 0):
 garbage-first heap   total 410624K, used 175422K [0x0000000080000000, 0x0000000100000000)
  region size 1024K, 8 young (8192K), 8 survivors (8192K)
 Metaspace       used 96385K, committed 97536K, reserved 557056K
  class space    used 13559K, committed 14080K, reserved 425984K
}
Event: 146.718 GC heap before
{Heap before GC invocations=49 (full 0):
 garbage-first heap   total 410624K, used 314686K [0x0000000080000000, 0x0000000100000000)
  region size 1024K, 144 young (147456K), 8 survivors (8192K)
 Metaspace       used 102223K, committed 103360K, reserved 557056K
  class space    used 14306K, committed 14784K, reserved 425984K
}
Event: 146.783 GC heap after
{Heap after GC invocations=50 (full 0):
 garbage-first heap   total 410624K, used 189372K [0x0000000080000000, 0x0000000100000000)
  region size 1024K, 18 young (18432K), 18 survivors (18432K)
 Metaspace       used 102223K, committed 103360K, reserved 557056K
  class space    used 14306K, committed 14784K, reserved 425984K
}
Event: 154.097 GC heap before
{Heap before GC invocations=50 (full 0):
 garbage-first heap   total 410624K, used 321468K [0x0000000080000000, 0x0000000100000000)
  region size 1024K, 148 young (151552K), 18 survivors (18432K)
 Metaspace       used 103494K, committed 104640K, reserved 557056K
  class space    used 14464K, committed 14976K, reserved 425984K
}
Event: 154.210 GC heap after
{Heap after GC invocations=51 (full 0):
 garbage-first heap   total 410624K, used 202508K [0x0000000080000000, 0x0000000100000000)
  region size 1024K, 13 young (13312K), 13 survivors (13312K)
 Metaspace       used 103494K, committed 104640K, reserved 557056K
  class space    used 14464K, committed 14976K, reserved 425984K
}
Event: 163.779 GC heap before
{Heap before GC invocations=51 (full 0):
 garbage-first heap   total 410624K, used 333580K [0x0000000080000000, 0x0000000100000000)
  region size 1024K, 127 young (130048K), 13 survivors (13312K)
 Metaspace       used 103890K, committed 105088K, reserved 557056K
  class space    used 14486K, committed 14976K, reserved 425984K
}
Event: 164.676 GC heap after
{Heap after GC invocations=52 (full 1):
 garbage-first heap   total 410624K, used 185492K [0x0000000080000000, 0x0000000100000000)
  region size 1024K, 0 young (0K), 0 survivors (0K)
 Metaspace       used 103884K, committed 105088K, reserved 557056K
  class space    used 14484K, committed 14976K, reserved 425984K
}
Event: 165.084 GC heap before
{Heap before GC invocations=52 (full 1):
 garbage-first heap   total 410624K, used 185492K [0x0000000080000000, 0x0000000100000000)
  region size 1024K, 1 young (1024K), 0 survivors (0K)
 Metaspace       used 103884K, committed 105088K, reserved 557056K
  class space    used 14484K, committed 14976K, reserved 425984K
}
Event: 165.616 GC heap after
{Heap after GC invocations=53 (full 2):
 garbage-first heap   total 410624K, used 185492K [0x0000000080000000, 0x0000000100000000)
  region size 1024K, 0 young (0K), 0 survivors (0K)
 Metaspace       used 103884K, committed 105088K, reserved 557056K
  class space    used 14484K, committed 14976K, reserved 425984K
}

