# JRE version: OpenJDK Runtime Environment Microsoft-8035246 (17.0.8+7) (build 17.0.8+7-LTS)
# Java VM: OpenJDK 64-Bit Server VM Microsoft-8035246 (17.0.8+7-LTS, mixed mode, sharing, tiered, compressed oops, compressed class ptrs, g1 gc, windows-amd64)
GC Precious Log:
 CPUs: 4 total, 4 available
 Memory: 8058M
 Large Page Support: Disabled
 NUMA Support: Disabled
 Compressed Oops: Enabled (32-bit)
 Heap Region Size: 1M
 Heap Min Capacity: 8M
 Heap Initial Capacity: 126M
 Heap Max Capacity: 2G
 Pre-touch: Disabled
 Parallel Workers: 4
 Concurrent Workers: 1
 Concurrent Refinement Workers: 4
 Periodic GC: Disabled
Heap:
 garbage-first heap   total 455680K, used 357146K [0x0000000080000000, 0x0000000100000000)
  region size 1024K, 170 young (174080K), 15 survivors (15360K)
 Metaspace       used 101154K, committed 102272K, reserved 557056K
  class space    used 14031K, committed 14528K, reserved 425984K
GC Heap History (20 events):
Event: 56.277 GC heap before
{Heap before GC invocations=37 (full 0):
 garbage-first heap   total 229376K, used 178081K [0x0000000080000000, 0x0000000100000000)
  region size 1024K, 96 young (98304K), 4 survivors (4096K)
 Metaspace       used 73054K, committed 73792K, reserved 491520K
  class space    used 10160K, committed 10560K, reserved 425984K
}
Event: 56.289 GC heap after
{Heap after GC invocations=38 (full 0):
 garbage-first heap   total 229376K, used 85040K [0x0000000080000000, 0x0000000100000000)
  region size 1024K, 11 young (11264K), 11 survivors (11264K)
 Metaspace       used 73054K, committed 73792K, reserved 491520K
  class space    used 10160K, committed 10560K, reserved 425984K
}
Event: 56.309 GC heap before
{Heap before GC invocations=38 (full 0):
 garbage-first heap   total 229376K, used 86064K [0x0000000080000000, 0x0000000100000000)
  region size 1024K, 12 young (12288K), 11 survivors (11264K)
 Metaspace       used 73123K, committed 73856K, reserved 491520K
  class space    used 10168K, committed 10560K, reserved 425984K
}
Event: 56.318 GC heap after
{Heap after GC invocations=39 (full 0):
 garbage-first heap   total 229376K, used 85361K [0x0000000080000000, 0x0000000100000000)
  region size 1024K, 1 young (1024K), 1 survivors (1024K)
 Metaspace       used 73123K, committed 73856K, reserved 491520K
  class space    used 10168K, committed 10560K, reserved 425984K
}
Event: 58.610 GC heap before
{Heap before GC invocations=39 (full 0):
 garbage-first heap   total 229376K, used 176497K [0x0000000080000000, 0x0000000100000000)
  region size 1024K, 90 young (92160K), 1 survivors (1024K)
 Metaspace       used 77406K, committed 78144K, reserved 557056K
  class space    used 10735K, committed 11072K, reserved 425984K
}
Event: 58.621 GC heap after
{Heap after GC invocations=40 (full 0):
 garbage-first heap   total 229376K, used 90639K [0x0000000080000000, 0x0000000100000000)
  region size 1024K, 6 young (6144K), 6 survivors (6144K)
 Metaspace       used 77406K, committed 78144K, reserved 557056K
  class space    used 10735K, committed 11072K, reserved 425984K
}
Event: 67.951 GC heap before
{Heap before GC invocations=40 (full 0):
 garbage-first heap   total 229376K, used 180751K [0x0000000080000000, 0x0000000100000000)
  region size 1024K, 94 young (96256K), 6 survivors (6144K)
 Metaspace       used 82969K, committed 83712K, reserved 557056K
  class space    used 11678K, committed 12032K, reserved 425984K
}
Event: 67.964 GC heap after
{Heap after GC invocations=41 (full 0):
 garbage-first heap   total 229376K, used 94544K [0x0000000080000000, 0x0000000100000000)
  region size 1024K, 10 young (10240K), 10 survivors (10240K)
 Metaspace       used 82969K, committed 83712K, reserved 557056K
  class space    used 11678K, committed 12032K, reserved 425984K
}
Event: 69.456 GC heap before
{Heap before GC invocations=41 (full 0):
 garbage-first heap   total 229376K, used 183632K [0x0000000080000000, 0x0000000100000000)
  region size 1024K, 97 young (99328K), 10 survivors (10240K)
 Metaspace       used 86750K, committed 87616K, reserved 557056K
  class space    used 12171K, committed 12608K, reserved 425984K
}
Event: 69.483 GC heap after
{Heap after GC invocations=42 (full 0):
 garbage-first heap   total 229376K, used 102715K [0x0000000080000000, 0x0000000100000000)
  region size 1024K, 12 young (12288K), 12 survivors (12288K)
 Metaspace       used 86750K, committed 87616K, reserved 557056K
  class space    used 12171K, committed 12608K, reserved 425984K
}
Event: 71.063 GC heap before
{Heap before GC invocations=42 (full 0):
 garbage-first heap   total 229376K, used 188731K [0x0000000080000000, 0x0000000100000000)
  region size 1024K, 91 young (93184K), 12 survivors (12288K)
 Metaspace       used 88916K, committed 89856K, reserved 557056K
  class space    used 12505K, committed 12928K, reserved 425984K
}
Event: 71.094 GC heap after
{Heap after GC invocations=43 (full 0):
 garbage-first heap   total 229376K, used 125928K [0x0000000080000000, 0x0000000100000000)
  region size 1024K, 12 young (12288K), 12 survivors (12288K)
 Metaspace       used 88916K, committed 89856K, reserved 557056K
  class space    used 12505K, committed 12928K, reserved 425984K
}
Event: 72.295 GC heap before
{Heap before GC invocations=43 (full 0):
 garbage-first heap   total 229376K, used 184296K [0x0000000080000000, 0x0000000100000000)
  region size 1024K, 68 young (69632K), 12 survivors (12288K)
 Metaspace       used 90843K, committed 91840K, reserved 557056K
  class space    used 12731K, committed 13184K, reserved 425984K
}
Event: 72.323 GC heap after
{Heap after GC invocations=44 (full 0):
 garbage-first heap   total 229376K, used 138517K [0x0000000080000000, 0x0000000100000000)
  region size 1024K, 9 young (9216K), 9 survivors (9216K)
 Metaspace       used 90843K, committed 91840K, reserved 557056K
  class space    used 12731K, committed 13184K, reserved 425984K
}
Event: 73.502 GC heap before
{Heap before GC invocations=44 (full 0):
 garbage-first heap   total 229376K, used 186645K [0x0000000080000000, 0x0000000100000000)
  region size 1024K, 54 young (55296K), 9 survivors (9216K)
 Metaspace       used 91603K, committed 92672K, reserved 557056K
  class space    used 12820K, committed 13312K, reserved 425984K
}
Event: 73.529 GC heap after
{Heap after GC invocations=45 (full 0):
 garbage-first heap   total 455680K, used 148757K [0x0000000080000000, 0x0000000100000000)
  region size 1024K, 7 young (7168K), 7 survivors (7168K)
 Metaspace       used 91603K, committed 92672K, reserved 557056K
  class space    used 12820K, committed 13312K, reserved 425984K
}
Event: 77.554 GC heap before
{Heap before GC invocations=45 (full 0):
 garbage-first heap   total 455680K, used 353557K [0x0000000080000000, 0x0000000100000000)
  region size 1024K, 207 young (211968K), 7 survivors (7168K)
 Metaspace       used 99999K, committed 101056K, reserved 557056K
  class space    used 13922K, committed 14400K, reserved 425984K
}
Event: 77.607 GC heap after
{Heap after GC invocations=46 (full 0):
 garbage-first heap   total 455680K, used 165756K [0x0000000080000000, 0x0000000100000000)
  region size 1024K, 24 young (24576K), 24 survivors (24576K)
 Metaspace       used 99999K, committed 101056K, reserved 557056K
  class space    used 13922K, committed 14400K, reserved 425984K
}
Event: 80.086 GC heap before
{Heap before GC invocations=46 (full 0):
 garbage-first heap   total 455680K, used 359292K [0x0000000080000000, 0x0000000100000000)
  region size 1024K, 198 young (202752K), 24 survivors (24576K)
 Metaspace       used 100684K, committed 101696K, reserved 557056K
  class space    used 13975K, committed 14464K, reserved 425984K
}
Event: 80.135 GC heap after
{Heap after GC invocations=47 (full 0):
 garbage-first heap   total 455680K, used 179994K [0x0000000080000000, 0x0000000100000000)
  region size 1024K, 15 young (15360K), 15 survivors (15360K)
 Metaspace       used 100684K, committed 101696K, reserved 557056K
  class space    used 13975K, committed 14464K, reserved 425984K
}

