# JRE version: OpenJDK Runtime Environment Microsoft-8035246 (17.0.8+7) (build 17.0.8+7-LTS)
# Java VM: OpenJDK 64-Bit Server VM Microsoft-8035246 (17.0.8+7-LTS, mixed mode, sharing, tiered, compressed oops, compressed class ptrs, g1 gc, windows-amd64)
GC Precious Log:
 CPUs: 4 total, 4 available
 Memory: 8058M
 Large Page Support: Disabled
 NUMA Support: Disabled
 Compressed Oops: Enabled (32-bit)
 Heap Region Size: 1M
 Heap Min Capacity: 8M
 Heap Initial Capacity: 126M
 Heap Max Capacity: 2G
 Pre-touch: Disabled
 Parallel Workers: 4
 Concurrent Workers: 1
 Concurrent Refinement Workers: 4
 Periodic GC: Disabled
Heap:
 garbage-first heap   total 399360K, used 235520K [0x0000000080000000, 0x0000000100000000)
  region size 1024K, 38 young (38912K), 11 survivors (11264K)
 Metaspace       used 108971K, committed 110144K, reserved 557056K
  class space    used 15176K, committed 15744K, reserved 425984K
GC Heap History (20 events):
Event: 65.308 GC heap before
{Heap before GC invocations=42 (full 0):
 garbage-first heap   total 199680K, used 154970K [0x0000000080000000, 0x0000000100000000)
  region size 1024K, 60 young (61440K), 7 survivors (7168K)
 Metaspace       used 87423K, committed 88192K, reserved 557056K
  class space    used 12244K, committed 12608K, reserved 425984K
}
Event: 65.326 GC heap after
{Heap after GC invocations=43 (full 0):
 garbage-first heap   total 199680K, used 101415K [0x0000000080000000, 0x0000000100000000)
  region size 1024K, 6 young (6144K), 6 survivors (6144K)
 Metaspace       used 87423K, committed 88192K, reserved 557056K
  class space    used 12244K, committed 12608K, reserved 425984K
}
Event: 66.558 GC heap before
{Heap before GC invocations=43 (full 0):
 garbage-first heap   total 199680K, used 157735K [0x0000000080000000, 0x0000000100000000)
  region size 1024K, 61 young (62464K), 6 survivors (6144K)
 Metaspace       used 90810K, committed 91584K, reserved 557056K
  class space    used 12744K, committed 13120K, reserved 425984K
}
Event: 66.579 GC heap after
{Heap after GC invocations=44 (full 0):
 garbage-first heap   total 199680K, used 105323K [0x0000000080000000, 0x0000000100000000)
  region size 1024K, 6 young (6144K), 6 survivors (6144K)
 Metaspace       used 90810K, committed 91584K, reserved 557056K
  class space    used 12744K, committed 13120K, reserved 425984K
}
Event: 68.236 GC heap before
{Heap before GC invocations=44 (full 0):
 garbage-first heap   total 199680K, used 160619K [0x0000000080000000, 0x0000000100000000)
  region size 1024K, 59 young (60416K), 6 survivors (6144K)
 Metaspace       used 92280K, committed 93120K, reserved 557056K
  class space    used 12887K, committed 13248K, reserved 425984K
}
Event: 68.259 GC heap after
{Heap after GC invocations=45 (full 0):
 garbage-first heap   total 199680K, used 115023K [0x0000000080000000, 0x0000000100000000)
  region size 1024K, 8 young (8192K), 8 survivors (8192K)
 Metaspace       used 92280K, committed 93120K, reserved 557056K
  class space    used 12887K, committed 13248K, reserved 425984K
}
Event: 69.671 GC heap before
{Heap before GC invocations=45 (full 0):
 garbage-first heap   total 199680K, used 162127K [0x0000000080000000, 0x0000000100000000)
  region size 1024K, 53 young (54272K), 8 survivors (8192K)
 Metaspace       used 93745K, committed 94592K, reserved 557056K
  class space    used 13143K, committed 13504K, reserved 425984K
}
Event: 69.704 GC heap after
{Heap after GC invocations=46 (full 0):
 garbage-first heap   total 199680K, used 125139K [0x0000000080000000, 0x0000000100000000)
  region size 1024K, 7 young (7168K), 7 survivors (7168K)
 Metaspace       used 93745K, committed 94592K, reserved 557056K
  class space    used 13143K, committed 13504K, reserved 425984K
}
Event: 71.182 GC heap before
{Heap before GC invocations=46 (full 0):
 garbage-first heap   total 199680K, used 164051K [0x0000000080000000, 0x0000000100000000)
  region size 1024K, 45 young (46080K), 7 survivors (7168K)
 Metaspace       used 94315K, committed 95232K, reserved 557056K
  class space    used 13215K, committed 13632K, reserved 425984K
}
Event: 71.210 GC heap after
{Heap after GC invocations=47 (full 0):
 garbage-first heap   total 199680K, used 136514K [0x0000000080000000, 0x0000000100000000)
  region size 1024K, 6 young (6144K), 6 survivors (6144K)
 Metaspace       used 94315K, committed 95232K, reserved 557056K
  class space    used 13215K, committed 13632K, reserved 425984K
}
Event: 71.966 GC heap before
{Heap before GC invocations=47 (full 0):
 garbage-first heap   total 199680K, used 167234K [0x0000000080000000, 0x0000000100000000)
  region size 1024K, 34 young (34816K), 6 survivors (6144K)
 Metaspace       used 94887K, committed 95872K, reserved 557056K
  class space    used 13322K, committed 13760K, reserved 425984K
}
Event: 71.995 GC heap after
{Heap after GC invocations=48 (full 0):
 garbage-first heap   total 399360K, used 145843K [0x0000000080000000, 0x0000000100000000)
  region size 1024K, 5 young (5120K), 5 survivors (5120K)
 Metaspace       used 94887K, committed 95872K, reserved 557056K
  class space    used 13322K, committed 13760K, reserved 425984K
}
Event: 75.274 GC heap before
{Heap before GC invocations=48 (full 0):
 garbage-first heap   total 399360K, used 286131K [0x0000000080000000, 0x0000000100000000)
  region size 1024K, 142 young (145408K), 5 survivors (5120K)
 Metaspace       used 100828K, committed 101824K, reserved 557056K
  class space    used 14143K, committed 14592K, reserved 425984K
}
Event: 75.308 GC heap after
{Heap after GC invocations=49 (full 0):
 garbage-first heap   total 399360K, used 157524K [0x0000000080000000, 0x0000000100000000)
  region size 1024K, 17 young (17408K), 17 survivors (17408K)
 Metaspace       used 100828K, committed 101824K, reserved 557056K
  class space    used 14143K, committed 14592K, reserved 425984K
}
Event: 79.660 GC heap before
{Heap before GC invocations=49 (full 0):
 garbage-first heap   total 399360K, used 309076K [0x0000000080000000, 0x0000000100000000)
  region size 1024K, 163 young (166912K), 17 survivors (17408K)
 Metaspace       used 102197K, committed 103296K, reserved 557056K
  class space    used 14301K, committed 14784K, reserved 425984K
}
Event: 79.759 GC heap after
{Heap after GC invocations=50 (full 0):
 garbage-first heap   total 399360K, used 184981K [0x0000000080000000, 0x0000000100000000)
  region size 1024K, 21 young (21504K), 21 survivors (21504K)
 Metaspace       used 102197K, committed 103296K, reserved 557056K
  class space    used 14301K, committed 14784K, reserved 425984K
}
Event: 83.870 GC heap before
{Heap before GC invocations=50 (full 0):
 garbage-first heap   total 399360K, used 308885K [0x0000000080000000, 0x0000000100000000)
  region size 1024K, 142 young (145408K), 21 survivors (21504K)
 Metaspace       used 107620K, committed 108800K, reserved 557056K
  class space    used 14995K, committed 15552K, reserved 425984K
}
Event: 83.966 GC heap after
{Heap after GC invocations=51 (full 0):
 garbage-first heap   total 399360K, used 198656K [0x0000000080000000, 0x0000000100000000)
  region size 1024K, 13 young (13312K), 13 survivors (13312K)
 Metaspace       used 107620K, committed 108800K, reserved 557056K
  class space    used 14995K, committed 15552K, reserved 425984K
}
Event: 87.310 GC heap before
{Heap before GC invocations=51 (full 0):
 garbage-first heap   total 399360K, used 313344K [0x0000000080000000, 0x0000000100000000)
  region size 1024K, 126 young (129024K), 13 survivors (13312K)
 Metaspace       used 108970K, committed 110144K, reserved 557056K
  class space    used 15175K, committed 15744K, reserved 425984K
}
Event: 87.384 GC heap after
{Heap after GC invocations=52 (full 0):
 garbage-first heap   total 399360K, used 209920K [0x0000000080000000, 0x0000000100000000)
  region size 1024K, 11 young (11264K), 11 survivors (11264K)
 Metaspace       used 108970K, committed 110144K, reserved 557056K
  class space    used 15175K, committed 15744K, reserved 425984K
}

